<?xml version="1.0" encoding="UTF-8"?>
<!-- Generated by org.testng.reporters.JUnitReportReporter -->
<testsuite skipped="0" hostname="LAPTOP-G176N8GQ" name="com.restful.booker.restfultestsuite.testsuite.RestfulBookerDataDrivenTest" tests="100" failures="0" timestamp="2023-01-10T21:34:22 GMT" time="1672.323" errors="0">
  <testcase name="createMultipleBookings[92]" time="17.800" classname="com.restful.booker.restfultestsuite.testsuite.RestfulBookerDataDrivenTest"/>
  <system-out/>
  <testcase name="createMultipleBookings[9]" time="15.622" classname="com.restful.booker.restfultestsuite.testsuite.RestfulBookerDataDrivenTest"/>
  <system-out/>
  <testcase name="createMultipleBookings[0]" time="15.566" classname="com.restful.booker.restfultestsuite.testsuite.RestfulBookerDataDrivenTest"/>
  <system-out/>
  <testcase name="createMultipleBookings[68]" time="17.212" classname="com.restful.booker.restfultestsuite.testsuite.RestfulBookerDataDrivenTest"/>
  <system-out/>
  <testcase name="createMultipleBookings[26]" time="15.569" classname="com.restful.booker.restfultestsuite.testsuite.RestfulBookerDataDrivenTest"/>
  <system-out/>
  <testcase name="createMultipleBookings[47]" time="16.066" classname="com.restful.booker.restfultestsuite.testsuite.RestfulBookerDataDrivenTest"/>
  <system-out/>
  <testcase name="createMultipleBookings[94]" time="17.790" classname="com.restful.booker.restfultestsuite.testsuite.RestfulBookerDataDrivenTest"/>
  <system-out/>
  <testcase name="createMultipleBookings[19]" time="15.285" classname="com.restful.booker.restfultestsuite.testsuite.RestfulBookerDataDrivenTest"/>
  <system-out/>
  <testcase name="createMultipleBookings[33]" time="17.300" classname="com.restful.booker.restfultestsuite.testsuite.RestfulBookerDataDrivenTest"/>
  <system-out/>
  <testcase name="createMultipleBookings[24]" time="15.532" classname="com.restful.booker.restfultestsuite.testsuite.RestfulBookerDataDrivenTest"/>
  <system-out/>
  <testcase name="createMultipleBookings[97]" time="17.816" classname="com.restful.booker.restfultestsuite.testsuite.RestfulBookerDataDrivenTest"/>
  <system-out/>
  <testcase name="createMultipleBookings[96]" time="17.926" classname="com.restful.booker.restfultestsuite.testsuite.RestfulBookerDataDrivenTest"/>
  <system-out/>
  <testcase name="createMultipleBookings[25]" time="15.682" classname="com.restful.booker.restfultestsuite.testsuite.RestfulBookerDataDrivenTest"/>
  <system-out/>
  <testcase name="createMultipleBookings[17]" time="15.547" classname="com.restful.booker.restfultestsuite.testsuite.RestfulBookerDataDrivenTest"/>
  <system-out/>
  <testcase name="createMultipleBookings[98]" time="17.908" classname="com.restful.booker.restfultestsuite.testsuite.RestfulBookerDataDrivenTest"/>
  <system-out/>
  <testcase name="createMultipleBookings[83]" time="17.507" classname="com.restful.booker.restfultestsuite.testsuite.RestfulBookerDataDrivenTest"/>
  <system-out/>
  <testcase name="createMultipleBookings[13]" time="15.581" classname="com.restful.booker.restfultestsuite.testsuite.RestfulBookerDataDrivenTest"/>
  <system-out/>
  <testcase name="createMultipleBookings[59]" time="16.479" classname="com.restful.booker.restfultestsuite.testsuite.RestfulBookerDataDrivenTest"/>
  <system-out/>
  <testcase name="createMultipleBookings[77]" time="17.293" classname="com.restful.booker.restfultestsuite.testsuite.RestfulBookerDataDrivenTest"/>
  <system-out/>
  <testcase name="createMultipleBookings[88]" time="17.794" classname="com.restful.booker.restfultestsuite.testsuite.RestfulBookerDataDrivenTest"/>
  <system-out/>
  <testcase name="createMultipleBookings[93]" time="17.911" classname="com.restful.booker.restfultestsuite.testsuite.RestfulBookerDataDrivenTest"/>
  <system-out/>
  <testcase name="createMultipleBookings[61]" time="17.526" classname="com.restful.booker.restfultestsuite.testsuite.RestfulBookerDataDrivenTest"/>
  <system-out/>
  <testcase name="createMultipleBookings[55]" time="16.660" classname="com.restful.booker.restfultestsuite.testsuite.RestfulBookerDataDrivenTest"/>
  <system-out/>
  <testcase name="createMultipleBookings[72]" time="17.320" classname="com.restful.booker.restfultestsuite.testsuite.RestfulBookerDataDrivenTest"/>
  <system-out/>
  <testcase name="createMultipleBookings[44]" time="16.398" classname="com.restful.booker.restfultestsuite.testsuite.RestfulBookerDataDrivenTest"/>
  <system-out/>
  <testcase name="createMultipleBookings[5]" time="15.678" classname="com.restful.booker.restfultestsuite.testsuite.RestfulBookerDataDrivenTest"/>
  <system-out/>
  <testcase name="createMultipleBookings[6]" time="15.841" classname="com.restful.booker.restfultestsuite.testsuite.RestfulBookerDataDrivenTest"/>
  <system-out/>
  <testcase name="createMultipleBookings[56]" time="16.497" classname="com.restful.booker.restfultestsuite.testsuite.RestfulBookerDataDrivenTest"/>
  <system-out/>
  <testcase name="createMultipleBookings[60]" time="17.172" classname="com.restful.booker.restfultestsuite.testsuite.RestfulBookerDataDrivenTest"/>
  <system-out/>
  <testcase name="createMultipleBookings[81]" time="17.507" classname="com.restful.booker.restfultestsuite.testsuite.RestfulBookerDataDrivenTest"/>
  <system-out/>
  <testcase name="createMultipleBookings[43]" time="17.288" classname="com.restful.booker.restfultestsuite.testsuite.RestfulBookerDataDrivenTest"/>
  <system-out/>
  <testcase name="createMultipleBookings[12]" time="15.840" classname="com.restful.booker.restfultestsuite.testsuite.RestfulBookerDataDrivenTest"/>
  <system-out/>
  <testcase name="createMultipleBookings[29]" time="15.570" classname="com.restful.booker.restfultestsuite.testsuite.RestfulBookerDataDrivenTest"/>
  <system-out/>
  <testcase name="createMultipleBookings[65]" time="16.993" classname="com.restful.booker.restfultestsuite.testsuite.RestfulBookerDataDrivenTest"/>
  <system-out/>
  <testcase name="createMultipleBookings[31]" time="15.448" classname="com.restful.booker.restfultestsuite.testsuite.RestfulBookerDataDrivenTest"/>
  <system-out/>
  <testcase name="createMultipleBookings[86]" time="17.752" classname="com.restful.booker.restfultestsuite.testsuite.RestfulBookerDataDrivenTest"/>
  <system-out/>
  <testcase name="createMultipleBookings[39]" time="17.436" classname="com.restful.booker.restfultestsuite.testsuite.RestfulBookerDataDrivenTest"/>
  <system-out/>
  <testcase name="createMultipleBookings[32]" time="17.003" classname="com.restful.booker.restfultestsuite.testsuite.RestfulBookerDataDrivenTest"/>
  <system-out/>
  <testcase name="createMultipleBookings[50]" time="16.643" classname="com.restful.booker.restfultestsuite.testsuite.RestfulBookerDataDrivenTest"/>
  <system-out/>
  <testcase name="createMultipleBookings[62]" time="17.410" classname="com.restful.booker.restfultestsuite.testsuite.RestfulBookerDataDrivenTest"/>
  <system-out/>
  <testcase name="createMultipleBookings[91]" time="17.809" classname="com.restful.booker.restfultestsuite.testsuite.RestfulBookerDataDrivenTest"/>
  <system-out/>
  <testcase name="createMultipleBookings[84]" time="17.797" classname="com.restful.booker.restfultestsuite.testsuite.RestfulBookerDataDrivenTest"/>
  <system-out/>
  <testcase name="createMultipleBookings[87]" time="17.793" classname="com.restful.booker.restfultestsuite.testsuite.RestfulBookerDataDrivenTest"/>
  <system-out/>
  <testcase name="createMultipleBookings[40]" time="17.547" classname="com.restful.booker.restfultestsuite.testsuite.RestfulBookerDataDrivenTest"/>
  <system-out/>
  <testcase name="createMultipleBookings[21]" time="15.542" classname="com.restful.booker.restfultestsuite.testsuite.RestfulBookerDataDrivenTest"/>
  <system-out/>
  <testcase name="createMultipleBookings[78]" time="17.537" classname="com.restful.booker.restfultestsuite.testsuite.RestfulBookerDataDrivenTest"/>
  <system-out/>
  <testcase name="createMultipleBookings[38]" time="16.397" classname="com.restful.booker.restfultestsuite.testsuite.RestfulBookerDataDrivenTest"/>
  <system-out/>
  <testcase name="createMultipleBookings[75]" time="17.409" classname="com.restful.booker.restfultestsuite.testsuite.RestfulBookerDataDrivenTest"/>
  <system-out/>
  <testcase name="createMultipleBookings[57]" time="16.658" classname="com.restful.booker.restfultestsuite.testsuite.RestfulBookerDataDrivenTest"/>
  <system-out/>
  <testcase name="createMultipleBookings[53]" time="16.412" classname="com.restful.booker.restfultestsuite.testsuite.RestfulBookerDataDrivenTest"/>
  <system-out/>
  <testcase name="createMultipleBookings[73]" time="17.273" classname="com.restful.booker.restfultestsuite.testsuite.RestfulBookerDataDrivenTest"/>
  <system-out/>
  <testcase name="createMultipleBookings[74]" time="17.252" classname="com.restful.booker.restfultestsuite.testsuite.RestfulBookerDataDrivenTest"/>
  <system-out/>
  <testcase name="createMultipleBookings[70]" time="17.353" classname="com.restful.booker.restfultestsuite.testsuite.RestfulBookerDataDrivenTest"/>
  <system-out/>
  <testcase name="createMultipleBookings[49]" time="16.343" classname="com.restful.booker.restfultestsuite.testsuite.RestfulBookerDataDrivenTest"/>
  <system-out/>
  <testcase name="createMultipleBookings[22]" time="15.568" classname="com.restful.booker.restfultestsuite.testsuite.RestfulBookerDataDrivenTest"/>
  <system-out/>
  <testcase name="createMultipleBookings[71]" time="17.499" classname="com.restful.booker.restfultestsuite.testsuite.RestfulBookerDataDrivenTest"/>
  <system-out/>
  <testcase name="createMultipleBookings[30]" time="15.619" classname="com.restful.booker.restfultestsuite.testsuite.RestfulBookerDataDrivenTest"/>
  <system-out/>
  <testcase name="createMultipleBookings[69]" time="17.482" classname="com.restful.booker.restfultestsuite.testsuite.RestfulBookerDataDrivenTest"/>
  <system-out/>
  <testcase name="createMultipleBookings[18]" time="15.571" classname="com.restful.booker.restfultestsuite.testsuite.RestfulBookerDataDrivenTest"/>
  <system-out/>
  <testcase name="createMultipleBookings[66]" time="17.410" classname="com.restful.booker.restfultestsuite.testsuite.RestfulBookerDataDrivenTest"/>
  <system-out/>
  <testcase name="createMultipleBookings[63]" time="17.508" classname="com.restful.booker.restfultestsuite.testsuite.RestfulBookerDataDrivenTest"/>
  <system-out/>
  <testcase name="createMultipleBookings[37]" time="16.359" classname="com.restful.booker.restfultestsuite.testsuite.RestfulBookerDataDrivenTest"/>
  <system-out/>
  <testcase name="createMultipleBookings[2]" time="15.616" classname="com.restful.booker.restfultestsuite.testsuite.RestfulBookerDataDrivenTest"/>
  <system-out/>
  <testcase name="createMultipleBookings[14]" time="15.588" classname="com.restful.booker.restfultestsuite.testsuite.RestfulBookerDataDrivenTest"/>
  <system-out/>
  <testcase name="createMultipleBookings[45]" time="17.283" classname="com.restful.booker.restfultestsuite.testsuite.RestfulBookerDataDrivenTest"/>
  <system-out/>
  <testcase name="createMultipleBookings[58]" time="17.347" classname="com.restful.booker.restfultestsuite.testsuite.RestfulBookerDataDrivenTest"/>
  <system-out/>
  <testcase name="createMultipleBookings[11]" time="15.419" classname="com.restful.booker.restfultestsuite.testsuite.RestfulBookerDataDrivenTest"/>
  <system-out/>
  <testcase name="createMultipleBookings[90]" time="18.038" classname="com.restful.booker.restfultestsuite.testsuite.RestfulBookerDataDrivenTest"/>
  <system-out/>
  <testcase name="createMultipleBookings[16]" time="15.515" classname="com.restful.booker.restfultestsuite.testsuite.RestfulBookerDataDrivenTest"/>
  <system-out/>
  <testcase name="createMultipleBookings[48]" time="16.478" classname="com.restful.booker.restfultestsuite.testsuite.RestfulBookerDataDrivenTest"/>
  <system-out/>
  <testcase name="createMultipleBookings[51]" time="16.459" classname="com.restful.booker.restfultestsuite.testsuite.RestfulBookerDataDrivenTest"/>
  <system-out/>
  <testcase name="createMultipleBookings[80]" time="17.491" classname="com.restful.booker.restfultestsuite.testsuite.RestfulBookerDataDrivenTest"/>
  <system-out/>
  <testcase name="createMultipleBookings[82]" time="17.485" classname="com.restful.booker.restfultestsuite.testsuite.RestfulBookerDataDrivenTest"/>
  <system-out/>
  <testcase name="createMultipleBookings[67]" time="17.335" classname="com.restful.booker.restfultestsuite.testsuite.RestfulBookerDataDrivenTest"/>
  <system-out/>
  <testcase name="createMultipleBookings[4]" time="15.539" classname="com.restful.booker.restfultestsuite.testsuite.RestfulBookerDataDrivenTest"/>
  <system-out/>
  <testcase name="createMultipleBookings[10]" time="15.718" classname="com.restful.booker.restfultestsuite.testsuite.RestfulBookerDataDrivenTest"/>
  <system-out/>
  <testcase name="createMultipleBookings[7]" time="15.564" classname="com.restful.booker.restfultestsuite.testsuite.RestfulBookerDataDrivenTest"/>
  <system-out/>
  <testcase name="createMultipleBookings[8]" time="15.456" classname="com.restful.booker.restfultestsuite.testsuite.RestfulBookerDataDrivenTest"/>
  <system-out/>
  <testcase name="createMultipleBookings[27]" time="15.613" classname="com.restful.booker.restfultestsuite.testsuite.RestfulBookerDataDrivenTest"/>
  <system-out/>
  <testcase name="createMultipleBookings[1]" time="15.815" classname="com.restful.booker.restfultestsuite.testsuite.RestfulBookerDataDrivenTest"/>
  <system-out/>
  <testcase name="createMultipleBookings[52]" time="16.494" classname="com.restful.booker.restfultestsuite.testsuite.RestfulBookerDataDrivenTest"/>
  <system-out/>
  <testcase name="createMultipleBookings[28]" time="15.900" classname="com.restful.booker.restfultestsuite.testsuite.RestfulBookerDataDrivenTest"/>
  <system-out/>
  <testcase name="createMultipleBookings[23]" time="15.543" classname="com.restful.booker.restfultestsuite.testsuite.RestfulBookerDataDrivenTest"/>
  <system-out/>
  <testcase name="createMultipleBookings[34]" time="16.854" classname="com.restful.booker.restfultestsuite.testsuite.RestfulBookerDataDrivenTest"/>
  <system-out/>
  <testcase name="createMultipleBookings[89]" time="17.924" classname="com.restful.booker.restfultestsuite.testsuite.RestfulBookerDataDrivenTest"/>
  <system-out/>
  <testcase name="createMultipleBookings[3]" time="15.580" classname="com.restful.booker.restfultestsuite.testsuite.RestfulBookerDataDrivenTest"/>
  <system-out/>
  <testcase name="createMultipleBookings[20]" time="15.415" classname="com.restful.booker.restfultestsuite.testsuite.RestfulBookerDataDrivenTest"/>
  <system-out/>
  <testcase name="createMultipleBookings[46]" time="17.510" classname="com.restful.booker.restfultestsuite.testsuite.RestfulBookerDataDrivenTest"/>
  <system-out/>
  <testcase name="createMultipleBookings[99]" time="17.907" classname="com.restful.booker.restfultestsuite.testsuite.RestfulBookerDataDrivenTest"/>
  <system-out/>
  <testcase name="createMultipleBookings[85]" time="17.690" classname="com.restful.booker.restfultestsuite.testsuite.RestfulBookerDataDrivenTest"/>
  <system-out/>
  <testcase name="createMultipleBookings[41]" time="17.296" classname="com.restful.booker.restfultestsuite.testsuite.RestfulBookerDataDrivenTest"/>
  <system-out/>
  <testcase name="createMultipleBookings[79]" time="17.297" classname="com.restful.booker.restfultestsuite.testsuite.RestfulBookerDataDrivenTest"/>
  <system-out/>
  <testcase name="createMultipleBookings[36]" time="16.387" classname="com.restful.booker.restfultestsuite.testsuite.RestfulBookerDataDrivenTest"/>
  <system-out/>
  <testcase name="createMultipleBookings[76]" time="17.434" classname="com.restful.booker.restfultestsuite.testsuite.RestfulBookerDataDrivenTest"/>
  <system-out/>
  <testcase name="createMultipleBookings[95]" time="17.820" classname="com.restful.booker.restfultestsuite.testsuite.RestfulBookerDataDrivenTest"/>
  <system-out/>
  <testcase name="createMultipleBookings[64]" time="17.391" classname="com.restful.booker.restfultestsuite.testsuite.RestfulBookerDataDrivenTest"/>
  <system-out/>
  <testcase name="createMultipleBookings[42]" time="17.546" classname="com.restful.booker.restfultestsuite.testsuite.RestfulBookerDataDrivenTest"/>
  <system-out/>
  <testcase name="createMultipleBookings[35]" time="17.012" classname="com.restful.booker.restfultestsuite.testsuite.RestfulBookerDataDrivenTest"/>
  <system-out/>
  <testcase name="createMultipleBookings[15]" time="15.543" classname="com.restful.booker.restfultestsuite.testsuite.RestfulBookerDataDrivenTest"/>
  <system-out/>
  <testcase name="createMultipleBookings[54]" time="16.715" classname="com.restful.booker.restfultestsuite.testsuite.RestfulBookerDataDrivenTest"/>
  <system-out/>
</testsuite> <!-- com.restful.booker.restfultestsuite.testsuite.RestfulBookerDataDrivenTest -->
