<?xml version="1.0" encoding="UTF-8"?>
<!-- Generated by org.testng.reporters.JUnitReportReporter -->
<testsuite skipped="0" hostname="LAPTOP-G176N8GQ" name="com.restful.booker.restfultestsuite.restfulcurdtest.RestfulCURDTest" tests="5" failures="0" timestamp="2023-01-10T21:34:25 GMT" time="110.740" errors="0">
  <testcase name="test001" time="19.123" classname="com.restful.booker.restfultestsuite.restfulcurdtest.RestfulCURDTest"/>
  <system-out/>
  <testcase name="test003" time="22.279" classname="com.restful.booker.restfultestsuite.restfulcurdtest.RestfulCURDTest"/>
  <system-out/>
  <testcase name="test004" time="23.300" classname="com.restful.booker.restfultestsuite.restfulcurdtest.RestfulCURDTest"/>
  <system-out/>
  <testcase name="test002" time="21.753" classname="com.restful.booker.restfultestsuite.restfulcurdtest.RestfulCURDTest"/>
  <system-out/>
  <testcase name="test005" time="24.285" classname="com.restful.booker.restfultestsuite.restfulcurdtest.RestfulCURDTest"/>
  <system-out/>
</testsuite> <!-- com.restful.booker.restfultestsuite.restfulcurdtest.RestfulCURDTest -->
