<?xml version="1.0" encoding="UTF-8"?>
<!-- Generated by org.testng.reporters.JUnitReportReporter -->
<testsuite skipped="0" hostname="LAPTOP-G176N8GQ" name="com.restful.booker.restfultestsuite.testsuite.RestfulBookerWithTags" tests="3" failures="0" timestamp="2023-01-10T21:34:22 GMT" time="45.074" errors="0">
  <testcase name="invalidMethod" time="15.182" classname="com.restful.booker.restfultestsuite.testsuite.RestfulBookerWithTags"/>
  <system-out/>
  <testcase name="verifingStatusCodeIsCorrect" time="14.207" classname="com.restful.booker.restfultestsuite.testsuite.RestfulBookerWithTags"/>
  <system-out/>
  <testcase name="authenticationMissing" time="15.685" classname="com.restful.booker.restfultestsuite.testsuite.RestfulBookerWithTags"/>
  <system-out/>
</testsuite> <!-- com.restful.booker.restfultestsuite.testsuite.RestfulBookerWithTags -->
