<?xml version="1.0" encoding="UTF-8"?>
<testsuite name="com.restful.booker.restfultestsuite.testsuite.RestfulBookerDataDrivenTest" time="53.522" tests="100" errors="0" skipped="0" failures="0">
  <properties>
    <property name="idea.version" value="2022.2.2"/>
    <property name="java.runtime.name" value="Java(TM) SE Runtime Environment"/>
    <property name="sun.boot.library.path" value="C:\Program Files\Java\jdk1.8.0_121\jre\bin"/>
    <property name="java.vm.version" value="25.121-b13"/>
    <property name="java.vm.vendor" value="Oracle Corporation"/>
    <property name="maven.multiModuleProjectDirectory" value="C:\Users\RAJ\IdeaProjects\restful-serenity-cucumber-project-3-rajmangukiya"/>
    <property name="java.vendor.url" value="http://java.oracle.com/"/>
    <property name="path.separator" value=";"/>
    <property name="guice.disable.misplaced.annotation.check" value="true"/>
    <property name="java.vm.name" value="Java HotSpot(TM) 64-Bit Server VM"/>
    <property name="file.encoding.pkg" value="sun.io"/>
    <property name="user.script" value=""/>
    <property name="user.country" value="US"/>
    <property name="sun.java.launcher" value="SUN_STANDARD"/>
    <property name="sun.os.patch.level" value=""/>
    <property name="java.vm.specification.name" value="Java Virtual Machine Specification"/>
    <property name="user.dir" value="C:\Users\RAJ\IdeaProjects\restful-serenity-cucumber-project-3-rajmangukiya"/>
    <property name="java.runtime.version" value="1.8.0_121-b13"/>
    <property name="java.awt.graphicsenv" value="sun.awt.Win32GraphicsEnvironment"/>
    <property name="java.endorsed.dirs" value="C:\Program Files\Java\jdk1.8.0_121\jre\lib\endorsed"/>
    <property name="os.arch" value="amd64"/>
    <property name="java.io.tmpdir" value="C:\Users\RAJ\AppData\Local\Temp\"/>
    <property name="line.separator" value="&#10;"/>
    <property name="java.vm.specification.vendor" value="Oracle Corporation"/>
    <property name="user.variant" value=""/>
    <property name="os.name" value="Windows 10"/>
    <property name="maven.ext.class.path" value="C:\Program Files\JetBrains\IntelliJ IDEA Community Edition 2022.2.2\plugins\maven\lib\maven-event-listener.jar"/>
    <property name="classworlds.conf" value="C:\Program Files\JetBrains\IntelliJ IDEA Community Edition 2022.2.2\plugins\maven\lib\maven3\bin\m2.conf"/>
    <property name="sun.jnu.encoding" value="Cp1252"/>
    <property name="java.library.path" value="C:\Program Files\Java\jdk1.8.0_121\bin;C:\WINDOWS\Sun\Java\bin;C:\WINDOWS\system32;C:\WINDOWS;C:\ProgramData\Oracle\Java\javapath;C:\WINDOWS\system32;C:\WINDOWS;C:\WINDOWS\System32\Wbem;C:\WINDOWS\System32\WindowsPowerShell\v1.0\;C:\WINDOWS\System32\OpenSSH\;C:\Program Files\Java\jdk1.8.0_121\bin;C:\Program Files\Git\cmd;C:\Program Files\Apache\apache-maven-3.8.6\bin;C:\Program Files\nodejs\;C:\Users\RAJ\AppData\Local\Microsoft\WindowsApps;C:\Users\RAJ\AppData\Roaming\npm;."/>
    <property name="maven.conf" value="C:\Program Files\JetBrains\IntelliJ IDEA Community Edition 2022.2.2\plugins\maven\lib\maven3/conf"/>
    <property name="java.specification.name" value="Java Platform API Specification"/>
    <property name="java.class.version" value="52.0"/>
    <property name="sun.management.compiler" value="HotSpot 64-Bit Tiered Compilers"/>
    <property name="os.version" value="10.0"/>
    <property name="user.home" value="C:\Users\RAJ"/>
    <property name="user.timezone" value="Europe/London"/>
    <property name="java.awt.printerjob" value="sun.awt.windows.WPrinterJob"/>
    <property name="java.specification.version" value="1.8"/>
    <property name="file.encoding" value="UTF-8"/>
    <property name="user.name" value="RAJ"/>
    <property name="java.class.path" value="C:\Program Files\JetBrains\IntelliJ IDEA Community Edition 2022.2.2\plugins\maven\lib\maven3\boot\plexus-classworlds-2.6.0.jar;C:\Program Files\JetBrains\IntelliJ IDEA Community Edition 2022.2.2\plugins\maven\lib\maven3\boot\plexus-classworlds.license;C:\Program Files\JetBrains\IntelliJ IDEA Community Edition 2022.2.2\lib\idea_rt.jar"/>
    <property name="java.vm.specification.version" value="1.8"/>
    <property name="sun.arch.data.model" value="64"/>
    <property name="java.home" value="C:\Program Files\Java\jdk1.8.0_121\jre"/>
    <property name="sun.java.command" value="org.codehaus.classworlds.Launcher -Didea.version=2022.2.2 clean verify serenity:aggregate"/>
    <property name="java.specification.vendor" value="Oracle Corporation"/>
    <property name="user.language" value="en"/>
    <property name="awt.toolkit" value="sun.awt.windows.WToolkit"/>
    <property name="java.vm.info" value="mixed mode"/>
    <property name="java.version" value="1.8.0_121"/>
    <property name="java.ext.dirs" value="C:\Program Files\Java\jdk1.8.0_121\jre\lib\ext;C:\WINDOWS\Sun\Java\lib\ext"/>
    <property name="sun.boot.class.path" value="C:\Program Files\Java\jdk1.8.0_121\jre\lib\resources.jar;C:\Program Files\Java\jdk1.8.0_121\jre\lib\rt.jar;C:\Program Files\Java\jdk1.8.0_121\jre\lib\sunrsasign.jar;C:\Program Files\Java\jdk1.8.0_121\jre\lib\jsse.jar;C:\Program Files\Java\jdk1.8.0_121\jre\lib\jce.jar;C:\Program Files\Java\jdk1.8.0_121\jre\lib\charsets.jar;C:\Program Files\Java\jdk1.8.0_121\jre\lib\jfr.jar;C:\Program Files\Java\jdk1.8.0_121\jre\classes"/>
    <property name="java.vendor" value="Oracle Corporation"/>
    <property name="maven.home" value="C:\Program Files\JetBrains\IntelliJ IDEA Community Edition 2022.2.2\plugins\maven\lib\maven3"/>
    <property name="file.separator" value="\"/>
    <property name="java.vendor.url.bug" value="http://bugreport.sun.com/bugreport/"/>
    <property name="sun.cpu.endian" value="little"/>
    <property name="sun.io.unicode.encoding" value="UnicodeLittle"/>
    <property name="sun.desktop" value="windows"/>
    <property name="sun.cpu.isalist" value="amd64"/>
  </properties>
  <testcase name="createMultipleBookings[19] on createMultipleBookings[19](com.restful.booker.restfultestsuite.testsuite.RestfulBookerDataDrivenTest)" classname="com.restful.booker.restfultestsuite.testsuite.RestfulBookerDataDrivenTest" time="13.839"/>
  <testcase name="createMultipleBookings[11] on createMultipleBookings[11](com.restful.booker.restfultestsuite.testsuite.RestfulBookerDataDrivenTest)" classname="com.restful.booker.restfultestsuite.testsuite.RestfulBookerDataDrivenTest" time="13.878"/>
  <testcase name="createMultipleBookings[20] on createMultipleBookings[20](com.restful.booker.restfultestsuite.testsuite.RestfulBookerDataDrivenTest)" classname="com.restful.booker.restfultestsuite.testsuite.RestfulBookerDataDrivenTest" time="13.902"/>
  <testcase name="createMultipleBookings[8] on createMultipleBookings[8](com.restful.booker.restfultestsuite.testsuite.RestfulBookerDataDrivenTest)" classname="com.restful.booker.restfultestsuite.testsuite.RestfulBookerDataDrivenTest" time="0.003"/>
  <testcase name="createMultipleBookings[31] on createMultipleBookings[31](com.restful.booker.restfultestsuite.testsuite.RestfulBookerDataDrivenTest)" classname="com.restful.booker.restfultestsuite.testsuite.RestfulBookerDataDrivenTest" time="0.013"/>
  <testcase name="createMultipleBookings[16] on createMultipleBookings[16](com.restful.booker.restfultestsuite.testsuite.RestfulBookerDataDrivenTest)" classname="com.restful.booker.restfultestsuite.testsuite.RestfulBookerDataDrivenTest" time="0.001"/>
  <testcase name="createMultipleBookings[4] on createMultipleBookings[4](com.restful.booker.restfultestsuite.testsuite.RestfulBookerDataDrivenTest)" classname="com.restful.booker.restfultestsuite.testsuite.RestfulBookerDataDrivenTest" time="0.001"/>
  <testcase name="createMultipleBookings[24] on createMultipleBookings[24](com.restful.booker.restfultestsuite.testsuite.RestfulBookerDataDrivenTest)" classname="com.restful.booker.restfultestsuite.testsuite.RestfulBookerDataDrivenTest" time="0.005"/>
  <testcase name="createMultipleBookings[15] on createMultipleBookings[15](com.restful.booker.restfultestsuite.testsuite.RestfulBookerDataDrivenTest)" classname="com.restful.booker.restfultestsuite.testsuite.RestfulBookerDataDrivenTest" time="0.01"/>
  <testcase name="createMultipleBookings[21] on createMultipleBookings[21](com.restful.booker.restfultestsuite.testsuite.RestfulBookerDataDrivenTest)" classname="com.restful.booker.restfultestsuite.testsuite.RestfulBookerDataDrivenTest" time="0.01"/>
  <testcase name="createMultipleBookings[23] on createMultipleBookings[23](com.restful.booker.restfultestsuite.testsuite.RestfulBookerDataDrivenTest)" classname="com.restful.booker.restfultestsuite.testsuite.RestfulBookerDataDrivenTest" time="0.285"/>
  <testcase name="createMultipleBookings[17] on createMultipleBookings[17](com.restful.booker.restfultestsuite.testsuite.RestfulBookerDataDrivenTest)" classname="com.restful.booker.restfultestsuite.testsuite.RestfulBookerDataDrivenTest" time="0.285"/>
  <testcase name="createMultipleBookings[0] on createMultipleBookings[0](com.restful.booker.restfultestsuite.testsuite.RestfulBookerDataDrivenTest)" classname="com.restful.booker.restfultestsuite.testsuite.RestfulBookerDataDrivenTest" time="0.285"/>
  <testcase name="createMultipleBookings[7] on createMultipleBookings[7](com.restful.booker.restfultestsuite.testsuite.RestfulBookerDataDrivenTest)" classname="com.restful.booker.restfultestsuite.testsuite.RestfulBookerDataDrivenTest" time="0.286"/>
  <testcase name="createMultipleBookings[3] on createMultipleBookings[3](com.restful.booker.restfultestsuite.testsuite.RestfulBookerDataDrivenTest)" classname="com.restful.booker.restfultestsuite.testsuite.RestfulBookerDataDrivenTest" time="0.286"/>
  <testcase name="createMultipleBookings[22] on createMultipleBookings[22](com.restful.booker.restfultestsuite.testsuite.RestfulBookerDataDrivenTest)" classname="com.restful.booker.restfultestsuite.testsuite.RestfulBookerDataDrivenTest" time="0.286"/>
  <testcase name="createMultipleBookings[18] on createMultipleBookings[18](com.restful.booker.restfultestsuite.testsuite.RestfulBookerDataDrivenTest)" classname="com.restful.booker.restfultestsuite.testsuite.RestfulBookerDataDrivenTest" time="0.286"/>
  <testcase name="createMultipleBookings[26] on createMultipleBookings[26](com.restful.booker.restfultestsuite.testsuite.RestfulBookerDataDrivenTest)" classname="com.restful.booker.restfultestsuite.testsuite.RestfulBookerDataDrivenTest" time="0.286"/>
  <testcase name="createMultipleBookings[29] on createMultipleBookings[29](com.restful.booker.restfultestsuite.testsuite.RestfulBookerDataDrivenTest)" classname="com.restful.booker.restfultestsuite.testsuite.RestfulBookerDataDrivenTest" time="0.286"/>
  <testcase name="createMultipleBookings[13] on createMultipleBookings[13](com.restful.booker.restfultestsuite.testsuite.RestfulBookerDataDrivenTest)" classname="com.restful.booker.restfultestsuite.testsuite.RestfulBookerDataDrivenTest" time="0.001"/>
  <testcase name="createMultipleBookings[14] on createMultipleBookings[14](com.restful.booker.restfultestsuite.testsuite.RestfulBookerDataDrivenTest)" classname="com.restful.booker.restfultestsuite.testsuite.RestfulBookerDataDrivenTest" time="0.002"/>
  <testcase name="createMultipleBookings[2] on createMultipleBookings[2](com.restful.booker.restfultestsuite.testsuite.RestfulBookerDataDrivenTest)" classname="com.restful.booker.restfultestsuite.testsuite.RestfulBookerDataDrivenTest" time="0"/>
  <testcase name="createMultipleBookings[9] on createMultipleBookings[9](com.restful.booker.restfultestsuite.testsuite.RestfulBookerDataDrivenTest)" classname="com.restful.booker.restfultestsuite.testsuite.RestfulBookerDataDrivenTest" time="0.001"/>
  <testcase name="createMultipleBookings[27] on createMultipleBookings[27](com.restful.booker.restfultestsuite.testsuite.RestfulBookerDataDrivenTest)" classname="com.restful.booker.restfultestsuite.testsuite.RestfulBookerDataDrivenTest" time="0.001"/>
  <testcase name="createMultipleBookings[30] on createMultipleBookings[30](com.restful.booker.restfultestsuite.testsuite.RestfulBookerDataDrivenTest)" classname="com.restful.booker.restfultestsuite.testsuite.RestfulBookerDataDrivenTest" time="0"/>
  <testcase name="createMultipleBookings[5] on createMultipleBookings[5](com.restful.booker.restfultestsuite.testsuite.RestfulBookerDataDrivenTest)" classname="com.restful.booker.restfultestsuite.testsuite.RestfulBookerDataDrivenTest" time="0"/>
  <testcase name="createMultipleBookings[25] on createMultipleBookings[25](com.restful.booker.restfultestsuite.testsuite.RestfulBookerDataDrivenTest)" classname="com.restful.booker.restfultestsuite.testsuite.RestfulBookerDataDrivenTest" time="0"/>
  <testcase name="createMultipleBookings[10] on createMultipleBookings[10](com.restful.booker.restfultestsuite.testsuite.RestfulBookerDataDrivenTest)" classname="com.restful.booker.restfultestsuite.testsuite.RestfulBookerDataDrivenTest" time="0"/>
  <testcase name="createMultipleBookings[1] on createMultipleBookings[1](com.restful.booker.restfultestsuite.testsuite.RestfulBookerDataDrivenTest)" classname="com.restful.booker.restfultestsuite.testsuite.RestfulBookerDataDrivenTest" time="0"/>
  <testcase name="createMultipleBookings[6] on createMultipleBookings[6](com.restful.booker.restfultestsuite.testsuite.RestfulBookerDataDrivenTest)" classname="com.restful.booker.restfultestsuite.testsuite.RestfulBookerDataDrivenTest" time="0.006"/>
  <testcase name="createMultipleBookings[12] on createMultipleBookings[12](com.restful.booker.restfultestsuite.testsuite.RestfulBookerDataDrivenTest)" classname="com.restful.booker.restfultestsuite.testsuite.RestfulBookerDataDrivenTest" time="0.011"/>
  <testcase name="createMultipleBookings[28] on createMultipleBookings[28](com.restful.booker.restfultestsuite.testsuite.RestfulBookerDataDrivenTest)" classname="com.restful.booker.restfultestsuite.testsuite.RestfulBookerDataDrivenTest" time="0.033"/>
  <testcase name="createMultipleBookings[47] on createMultipleBookings[47](com.restful.booker.restfultestsuite.testsuite.RestfulBookerDataDrivenTest)" classname="com.restful.booker.restfultestsuite.testsuite.RestfulBookerDataDrivenTest" time="0.042"/>
  <testcase name="createMultipleBookings[49] on createMultipleBookings[49](com.restful.booker.restfultestsuite.testsuite.RestfulBookerDataDrivenTest)" classname="com.restful.booker.restfultestsuite.testsuite.RestfulBookerDataDrivenTest" time="0.01"/>
  <testcase name="createMultipleBookings[37] on createMultipleBookings[37](com.restful.booker.restfultestsuite.testsuite.RestfulBookerDataDrivenTest)" classname="com.restful.booker.restfultestsuite.testsuite.RestfulBookerDataDrivenTest" time="0.007"/>
  <testcase name="createMultipleBookings[36] on createMultipleBookings[36](com.restful.booker.restfultestsuite.testsuite.RestfulBookerDataDrivenTest)" classname="com.restful.booker.restfultestsuite.testsuite.RestfulBookerDataDrivenTest" time="0.027"/>
  <testcase name="createMultipleBookings[38] on createMultipleBookings[38](com.restful.booker.restfultestsuite.testsuite.RestfulBookerDataDrivenTest)" classname="com.restful.booker.restfultestsuite.testsuite.RestfulBookerDataDrivenTest" time="0.033"/>
  <testcase name="createMultipleBookings[44] on createMultipleBookings[44](com.restful.booker.restfultestsuite.testsuite.RestfulBookerDataDrivenTest)" classname="com.restful.booker.restfultestsuite.testsuite.RestfulBookerDataDrivenTest" time="0.037"/>
  <testcase name="createMultipleBookings[53] on createMultipleBookings[53](com.restful.booker.restfultestsuite.testsuite.RestfulBookerDataDrivenTest)" classname="com.restful.booker.restfultestsuite.testsuite.RestfulBookerDataDrivenTest" time="0.054"/>
  <testcase name="createMultipleBookings[51] on createMultipleBookings[51](com.restful.booker.restfultestsuite.testsuite.RestfulBookerDataDrivenTest)" classname="com.restful.booker.restfultestsuite.testsuite.RestfulBookerDataDrivenTest" time="0.027"/>
  <testcase name="createMultipleBookings[48] on createMultipleBookings[48](com.restful.booker.restfultestsuite.testsuite.RestfulBookerDataDrivenTest)" classname="com.restful.booker.restfultestsuite.testsuite.RestfulBookerDataDrivenTest" time="0.041"/>
  <testcase name="createMultipleBookings[59] on createMultipleBookings[59](com.restful.booker.restfultestsuite.testsuite.RestfulBookerDataDrivenTest)" classname="com.restful.booker.restfultestsuite.testsuite.RestfulBookerDataDrivenTest" time="0.046"/>
  <testcase name="createMultipleBookings[52] on createMultipleBookings[52](com.restful.booker.restfultestsuite.testsuite.RestfulBookerDataDrivenTest)" classname="com.restful.booker.restfultestsuite.testsuite.RestfulBookerDataDrivenTest" time="0.02"/>
  <testcase name="createMultipleBookings[56] on createMultipleBookings[56](com.restful.booker.restfultestsuite.testsuite.RestfulBookerDataDrivenTest)" classname="com.restful.booker.restfultestsuite.testsuite.RestfulBookerDataDrivenTest" time="0.02"/>
  <testcase name="createMultipleBookings[50] on createMultipleBookings[50](com.restful.booker.restfultestsuite.testsuite.RestfulBookerDataDrivenTest)" classname="com.restful.booker.restfultestsuite.testsuite.RestfulBookerDataDrivenTest" time="0.188"/>
  <testcase name="createMultipleBookings[57] on createMultipleBookings[57](com.restful.booker.restfultestsuite.testsuite.RestfulBookerDataDrivenTest)" classname="com.restful.booker.restfultestsuite.testsuite.RestfulBookerDataDrivenTest" time="0"/>
  <testcase name="createMultipleBookings[55] on createMultipleBookings[55](com.restful.booker.restfultestsuite.testsuite.RestfulBookerDataDrivenTest)" classname="com.restful.booker.restfultestsuite.testsuite.RestfulBookerDataDrivenTest" time="0.002"/>
  <testcase name="createMultipleBookings[54] on createMultipleBookings[54](com.restful.booker.restfultestsuite.testsuite.RestfulBookerDataDrivenTest)" classname="com.restful.booker.restfultestsuite.testsuite.RestfulBookerDataDrivenTest" time="0.001"/>
  <testcase name="createMultipleBookings[34] on createMultipleBookings[34](com.restful.booker.restfultestsuite.testsuite.RestfulBookerDataDrivenTest)" classname="com.restful.booker.restfultestsuite.testsuite.RestfulBookerDataDrivenTest" time="0.066"/>
  <testcase name="createMultipleBookings[32] on createMultipleBookings[32](com.restful.booker.restfultestsuite.testsuite.RestfulBookerDataDrivenTest)" classname="com.restful.booker.restfultestsuite.testsuite.RestfulBookerDataDrivenTest" time="0.207"/>
  <testcase name="createMultipleBookings[65] on createMultipleBookings[65](com.restful.booker.restfultestsuite.testsuite.RestfulBookerDataDrivenTest)" classname="com.restful.booker.restfultestsuite.testsuite.RestfulBookerDataDrivenTest" time="0.002"/>
  <testcase name="createMultipleBookings[35] on createMultipleBookings[35](com.restful.booker.restfultestsuite.testsuite.RestfulBookerDataDrivenTest)" classname="com.restful.booker.restfultestsuite.testsuite.RestfulBookerDataDrivenTest" time="0.001"/>
  <testcase name="createMultipleBookings[60] on createMultipleBookings[60](com.restful.booker.restfultestsuite.testsuite.RestfulBookerDataDrivenTest)" classname="com.restful.booker.restfultestsuite.testsuite.RestfulBookerDataDrivenTest" time="0.09"/>
  <testcase name="createMultipleBookings[68] on createMultipleBookings[68](com.restful.booker.restfultestsuite.testsuite.RestfulBookerDataDrivenTest)" classname="com.restful.booker.restfultestsuite.testsuite.RestfulBookerDataDrivenTest" time="0.082"/>
  <testcase name="createMultipleBookings[74] on createMultipleBookings[74](com.restful.booker.restfultestsuite.testsuite.RestfulBookerDataDrivenTest)" classname="com.restful.booker.restfultestsuite.testsuite.RestfulBookerDataDrivenTest" time="0.113"/>
  <testcase name="createMultipleBookings[73] on createMultipleBookings[73](com.restful.booker.restfultestsuite.testsuite.RestfulBookerDataDrivenTest)" classname="com.restful.booker.restfultestsuite.testsuite.RestfulBookerDataDrivenTest" time="0.114"/>
  <testcase name="createMultipleBookings[45] on createMultipleBookings[45](com.restful.booker.restfultestsuite.testsuite.RestfulBookerDataDrivenTest)" classname="com.restful.booker.restfultestsuite.testsuite.RestfulBookerDataDrivenTest" time="0.115"/>
  <testcase name="createMultipleBookings[43] on createMultipleBookings[43](com.restful.booker.restfultestsuite.testsuite.RestfulBookerDataDrivenTest)" classname="com.restful.booker.restfultestsuite.testsuite.RestfulBookerDataDrivenTest" time="0.001"/>
  <testcase name="createMultipleBookings[41] on createMultipleBookings[41](com.restful.booker.restfultestsuite.testsuite.RestfulBookerDataDrivenTest)" classname="com.restful.booker.restfultestsuite.testsuite.RestfulBookerDataDrivenTest" time="0"/>
  <testcase name="createMultipleBookings[33] on createMultipleBookings[33](com.restful.booker.restfultestsuite.testsuite.RestfulBookerDataDrivenTest)" classname="com.restful.booker.restfultestsuite.testsuite.RestfulBookerDataDrivenTest" time="0.067"/>
  <testcase name="createMultipleBookings[77] on createMultipleBookings[77](com.restful.booker.restfultestsuite.testsuite.RestfulBookerDataDrivenTest)" classname="com.restful.booker.restfultestsuite.testsuite.RestfulBookerDataDrivenTest" time="0.067"/>
  <testcase name="createMultipleBookings[79] on createMultipleBookings[79](com.restful.booker.restfultestsuite.testsuite.RestfulBookerDataDrivenTest)" classname="com.restful.booker.restfultestsuite.testsuite.RestfulBookerDataDrivenTest" time="0.002"/>
  <testcase name="createMultipleBookings[72] on createMultipleBookings[72](com.restful.booker.restfultestsuite.testsuite.RestfulBookerDataDrivenTest)" classname="com.restful.booker.restfultestsuite.testsuite.RestfulBookerDataDrivenTest" time="0.001"/>
  <testcase name="createMultipleBookings[67] on createMultipleBookings[67](com.restful.booker.restfultestsuite.testsuite.RestfulBookerDataDrivenTest)" classname="com.restful.booker.restfultestsuite.testsuite.RestfulBookerDataDrivenTest" time="0"/>
  <testcase name="createMultipleBookings[58] on createMultipleBookings[58](com.restful.booker.restfultestsuite.testsuite.RestfulBookerDataDrivenTest)" classname="com.restful.booker.restfultestsuite.testsuite.RestfulBookerDataDrivenTest" time="0"/>
  <testcase name="createMultipleBookings[70] on createMultipleBookings[70](com.restful.booker.restfultestsuite.testsuite.RestfulBookerDataDrivenTest)" classname="com.restful.booker.restfultestsuite.testsuite.RestfulBookerDataDrivenTest" time="0.001"/>
  <testcase name="createMultipleBookings[64] on createMultipleBookings[64](com.restful.booker.restfultestsuite.testsuite.RestfulBookerDataDrivenTest)" classname="com.restful.booker.restfultestsuite.testsuite.RestfulBookerDataDrivenTest" time="0"/>
  <testcase name="createMultipleBookings[62] on createMultipleBookings[62](com.restful.booker.restfultestsuite.testsuite.RestfulBookerDataDrivenTest)" classname="com.restful.booker.restfultestsuite.testsuite.RestfulBookerDataDrivenTest" time="0"/>
  <testcase name="createMultipleBookings[66] on createMultipleBookings[66](com.restful.booker.restfultestsuite.testsuite.RestfulBookerDataDrivenTest)" classname="com.restful.booker.restfultestsuite.testsuite.RestfulBookerDataDrivenTest" time="0"/>
  <testcase name="createMultipleBookings[75] on createMultipleBookings[75](com.restful.booker.restfultestsuite.testsuite.RestfulBookerDataDrivenTest)" classname="com.restful.booker.restfultestsuite.testsuite.RestfulBookerDataDrivenTest" time="0.001"/>
  <testcase name="createMultipleBookings[39] on createMultipleBookings[39](com.restful.booker.restfultestsuite.testsuite.RestfulBookerDataDrivenTest)" classname="com.restful.booker.restfultestsuite.testsuite.RestfulBookerDataDrivenTest" time="0"/>
  <testcase name="createMultipleBookings[76] on createMultipleBookings[76](com.restful.booker.restfultestsuite.testsuite.RestfulBookerDataDrivenTest)" classname="com.restful.booker.restfultestsuite.testsuite.RestfulBookerDataDrivenTest" time="0"/>
  <testcase name="createMultipleBookings[69] on createMultipleBookings[69](com.restful.booker.restfultestsuite.testsuite.RestfulBookerDataDrivenTest)" classname="com.restful.booker.restfultestsuite.testsuite.RestfulBookerDataDrivenTest" time="0.046"/>
  <testcase name="createMultipleBookings[82] on createMultipleBookings[82](com.restful.booker.restfultestsuite.testsuite.RestfulBookerDataDrivenTest)" classname="com.restful.booker.restfultestsuite.testsuite.RestfulBookerDataDrivenTest" time="0.047"/>
  <testcase name="createMultipleBookings[80] on createMultipleBookings[80](com.restful.booker.restfultestsuite.testsuite.RestfulBookerDataDrivenTest)" classname="com.restful.booker.restfultestsuite.testsuite.RestfulBookerDataDrivenTest" time="0.048"/>
  <testcase name="createMultipleBookings[71] on createMultipleBookings[71](com.restful.booker.restfultestsuite.testsuite.RestfulBookerDataDrivenTest)" classname="com.restful.booker.restfultestsuite.testsuite.RestfulBookerDataDrivenTest" time="0.063"/>
  <testcase name="createMultipleBookings[46] on createMultipleBookings[46](com.restful.booker.restfultestsuite.testsuite.RestfulBookerDataDrivenTest)" classname="com.restful.booker.restfultestsuite.testsuite.RestfulBookerDataDrivenTest" time="0.066"/>
  <testcase name="createMultipleBookings[63] on createMultipleBookings[63](com.restful.booker.restfultestsuite.testsuite.RestfulBookerDataDrivenTest)" classname="com.restful.booker.restfultestsuite.testsuite.RestfulBookerDataDrivenTest" time="0.127"/>
  <testcase name="createMultipleBookings[81] on createMultipleBookings[81](com.restful.booker.restfultestsuite.testsuite.RestfulBookerDataDrivenTest)" classname="com.restful.booker.restfultestsuite.testsuite.RestfulBookerDataDrivenTest" time="0.13"/>
  <testcase name="createMultipleBookings[83] on createMultipleBookings[83](com.restful.booker.restfultestsuite.testsuite.RestfulBookerDataDrivenTest)" classname="com.restful.booker.restfultestsuite.testsuite.RestfulBookerDataDrivenTest" time="0.13"/>
  <testcase name="createMultipleBookings[61] on createMultipleBookings[61](com.restful.booker.restfultestsuite.testsuite.RestfulBookerDataDrivenTest)" classname="com.restful.booker.restfultestsuite.testsuite.RestfulBookerDataDrivenTest" time="0.133"/>
  <testcase name="createMultipleBookings[42] on createMultipleBookings[42](com.restful.booker.restfultestsuite.testsuite.RestfulBookerDataDrivenTest)" classname="com.restful.booker.restfultestsuite.testsuite.RestfulBookerDataDrivenTest" time="0.134"/>
  <testcase name="createMultipleBookings[40] on createMultipleBookings[40](com.restful.booker.restfultestsuite.testsuite.RestfulBookerDataDrivenTest)" classname="com.restful.booker.restfultestsuite.testsuite.RestfulBookerDataDrivenTest" time="0.134"/>
  <testcase name="createMultipleBookings[78] on createMultipleBookings[78](com.restful.booker.restfultestsuite.testsuite.RestfulBookerDataDrivenTest)" classname="com.restful.booker.restfultestsuite.testsuite.RestfulBookerDataDrivenTest" time="0.135"/>
  <testcase name="createMultipleBookings[85] on createMultipleBookings[85](com.restful.booker.restfultestsuite.testsuite.RestfulBookerDataDrivenTest)" classname="com.restful.booker.restfultestsuite.testsuite.RestfulBookerDataDrivenTest" time="0.263"/>
  <testcase name="createMultipleBookings[86] on createMultipleBookings[86](com.restful.booker.restfultestsuite.testsuite.RestfulBookerDataDrivenTest)" classname="com.restful.booker.restfultestsuite.testsuite.RestfulBookerDataDrivenTest" time="0.311"/>
  <testcase name="createMultipleBookings[87] on createMultipleBookings[87](com.restful.booker.restfultestsuite.testsuite.RestfulBookerDataDrivenTest)" classname="com.restful.booker.restfultestsuite.testsuite.RestfulBookerDataDrivenTest" time="0.349"/>
  <testcase name="createMultipleBookings[88] on createMultipleBookings[88](com.restful.booker.restfultestsuite.testsuite.RestfulBookerDataDrivenTest)" classname="com.restful.booker.restfultestsuite.testsuite.RestfulBookerDataDrivenTest" time="0.352"/>
  <testcase name="createMultipleBookings[94] on createMultipleBookings[94](com.restful.booker.restfultestsuite.testsuite.RestfulBookerDataDrivenTest)" classname="com.restful.booker.restfultestsuite.testsuite.RestfulBookerDataDrivenTest" time="0.352"/>
  <testcase name="createMultipleBookings[84] on createMultipleBookings[84](com.restful.booker.restfultestsuite.testsuite.RestfulBookerDataDrivenTest)" classname="com.restful.booker.restfultestsuite.testsuite.RestfulBookerDataDrivenTest" time="0.352"/>
  <testcase name="createMultipleBookings[92] on createMultipleBookings[92](com.restful.booker.restfultestsuite.testsuite.RestfulBookerDataDrivenTest)" classname="com.restful.booker.restfultestsuite.testsuite.RestfulBookerDataDrivenTest" time="0.36"/>
  <testcase name="createMultipleBookings[91] on createMultipleBookings[91](com.restful.booker.restfultestsuite.testsuite.RestfulBookerDataDrivenTest)" classname="com.restful.booker.restfultestsuite.testsuite.RestfulBookerDataDrivenTest" time="0.365"/>
  <testcase name="createMultipleBookings[97] on createMultipleBookings[97](com.restful.booker.restfultestsuite.testsuite.RestfulBookerDataDrivenTest)" classname="com.restful.booker.restfultestsuite.testsuite.RestfulBookerDataDrivenTest" time="0.381"/>
  <testcase name="createMultipleBookings[95] on createMultipleBookings[95](com.restful.booker.restfultestsuite.testsuite.RestfulBookerDataDrivenTest)" classname="com.restful.booker.restfultestsuite.testsuite.RestfulBookerDataDrivenTest" time="0.382"/>
  <testcase name="createMultipleBookings[93] on createMultipleBookings[93](com.restful.booker.restfultestsuite.testsuite.RestfulBookerDataDrivenTest)" classname="com.restful.booker.restfultestsuite.testsuite.RestfulBookerDataDrivenTest" time="0.496"/>
  <testcase name="createMultipleBookings[99] on createMultipleBookings[99](com.restful.booker.restfultestsuite.testsuite.RestfulBookerDataDrivenTest)" classname="com.restful.booker.restfultestsuite.testsuite.RestfulBookerDataDrivenTest" time="0.499"/>
  <testcase name="createMultipleBookings[98] on createMultipleBookings[98](com.restful.booker.restfultestsuite.testsuite.RestfulBookerDataDrivenTest)" classname="com.restful.booker.restfultestsuite.testsuite.RestfulBookerDataDrivenTest" time="0.499"/>
  <testcase name="createMultipleBookings[89] on createMultipleBookings[89](com.restful.booker.restfultestsuite.testsuite.RestfulBookerDataDrivenTest)" classname="com.restful.booker.restfultestsuite.testsuite.RestfulBookerDataDrivenTest" time="0.5"/>
  <testcase name="createMultipleBookings[96] on createMultipleBookings[96](com.restful.booker.restfultestsuite.testsuite.RestfulBookerDataDrivenTest)" classname="com.restful.booker.restfultestsuite.testsuite.RestfulBookerDataDrivenTest" time="0.5"/>
  <testcase name="createMultipleBookings[90] on createMultipleBookings[90](com.restful.booker.restfultestsuite.testsuite.RestfulBookerDataDrivenTest)" classname="com.restful.booker.restfultestsuite.testsuite.RestfulBookerDataDrivenTest" time="0.595"/>
</testsuite>